<?xml version="1.0" encoding="UTF-8"?>
<robot generator="Robot 5.0.1 (Python 3.10.5 on win32)" generated="20220707 19:50:51.121" rpa="false" schemaversion="3">
<suite id="s1" name="Mesa" source="C:\Users\alone\Documents\DH\Testing\Mesa_Robot\mesa.robot">
<test id="s1-t1" name="Processo de Transferência no BugBank" line="7">
<kw name="Acessar o site" library="mesa">
<kw name="Open Browser" library="SeleniumLibrary">
<arg>${SITE}</arg>
<arg>${NAVEGADOR}</arg>
<doc>Opens a new browser instance to the optional ``url``.</doc>
<msg timestamp="20220707 19:50:51.437" level="INFO">Opening browser 'Chrome' to base url 'https://bugbank.netlify.app/'.</msg>
<status status="PASS" starttime="20220707 19:50:51.437" endtime="20220707 19:50:54.035"/>
</kw>
<kw name="Maximize Browser Window" library="SeleniumLibrary">
<doc>Maximizes current browser window.</doc>
<status status="PASS" starttime="20220707 19:50:54.035" endtime="20220707 19:50:54.148"/>
</kw>
<status status="PASS" starttime="20220707 19:50:51.436" endtime="20220707 19:50:54.148"/>
</kw>
<kw name="Clicar em 'Registrar'" library="mesa">
<kw name="Wait and Click" library="mesa">
<arg>${BOTAO_REGISTRAR}</arg>
<kw name="Wait Until Element Is Visible" library="SeleniumLibrary">
<arg>${ELEMENTO}</arg>
<doc>Waits until the element ``locator`` is visible.</doc>
<status status="PASS" starttime="20220707 19:50:54.150" endtime="20220707 19:50:54.182"/>
</kw>
<kw name="Click Element" library="SeleniumLibrary">
<arg>${ELEMENTO}</arg>
<doc>Click the element identified by ``locator``.</doc>
<msg timestamp="20220707 19:50:54.183" level="INFO">Clicking element 'xpath=//*[@id="__next"]/div/div[2]/div/div[1]/form/div[3]/button[2]'.</msg>
<status status="PASS" starttime="20220707 19:50:54.182" endtime="20220707 19:50:54.235"/>
</kw>
<status status="PASS" starttime="20220707 19:50:54.149" endtime="20220707 19:50:54.236"/>
</kw>
<status status="PASS" starttime="20220707 19:50:54.149" endtime="20220707 19:50:54.236"/>
</kw>
<kw name="Registrar novo usuário" library="mesa">
<kw name="Wait and Input Text" library="mesa">
<arg>${REGISTRAR_EMAIL}</arg>
<arg>${EMAIL_NOVO}</arg>
<kw name="Wait Until Element Is Visible" library="SeleniumLibrary">
<arg>${CAMPO}</arg>
<doc>Waits until the element ``locator`` is visible.</doc>
<status status="PASS" starttime="20220707 19:50:54.238" endtime="20220707 19:50:54.274"/>
</kw>
<kw name="Input Text" library="SeleniumLibrary">
<arg>${CAMPO}</arg>
<arg>${TEXTO}</arg>
<doc>Types the given ``text`` into the text field identified by ``locator``.</doc>
<msg timestamp="20220707 19:50:54.274" level="INFO">Typing text 'delgadoDh@bug.com' into text field 'xpath=//*[@id="__next"]/div/div[2]/div/div[2]/form/div[2]/input'.</msg>
<status status="PASS" starttime="20220707 19:50:54.274" endtime="20220707 19:50:54.429"/>
</kw>
<status status="PASS" starttime="20220707 19:50:54.238" endtime="20220707 19:50:54.430"/>
</kw>
<kw name="Wait and Input Text" library="mesa">
<arg>${REGISTRAR_NOME}</arg>
<arg>${NOME}</arg>
<kw name="Wait Until Element Is Visible" library="SeleniumLibrary">
<arg>${CAMPO}</arg>
<doc>Waits until the element ``locator`` is visible.</doc>
<status status="PASS" starttime="20220707 19:50:54.430" endtime="20220707 19:50:54.450"/>
</kw>
<kw name="Input Text" library="SeleniumLibrary">
<arg>${CAMPO}</arg>
<arg>${TEXTO}</arg>
<doc>Types the given ``text`` into the text field identified by ``locator``.</doc>
<msg timestamp="20220707 19:50:54.450" level="INFO">Typing text 'Delgado' into text field 'xpath=//*[@id="__next"]/div/div[2]/div/div[2]/form/div[3]/input'.</msg>
<status status="PASS" starttime="20220707 19:50:54.450" endtime="20220707 19:50:54.571"/>
</kw>
<status status="PASS" starttime="20220707 19:50:54.430" endtime="20220707 19:50:54.571"/>
</kw>
<kw name="Wait and Input Text" library="mesa">
<arg>${REGISTRAR_SENHA}</arg>
<arg>${SENHA_NOVA}</arg>
<kw name="Wait Until Element Is Visible" library="SeleniumLibrary">
<arg>${CAMPO}</arg>
<doc>Waits until the element ``locator`` is visible.</doc>
<status status="PASS" starttime="20220707 19:50:54.572" endtime="20220707 19:50:54.616"/>
</kw>
<kw name="Input Text" library="SeleniumLibrary">
<arg>${CAMPO}</arg>
<arg>${TEXTO}</arg>
<doc>Types the given ``text`` into the text field identified by ``locator``.</doc>
<msg timestamp="20220707 19:50:54.616" level="INFO">Typing text 'Delgado123' into text field 'xpath=//*[@id="__next"]/div/div[2]/div/div[2]/form/div[4]/div/input'.</msg>
<status status="PASS" starttime="20220707 19:50:54.616" endtime="20220707 19:50:54.752"/>
</kw>
<status status="PASS" starttime="20220707 19:50:54.571" endtime="20220707 19:50:54.753"/>
</kw>
<kw name="Wait and Input Text" library="mesa">
<arg>${CONFIRMAR_SENHA}</arg>
<arg>${CONFIRMAR}</arg>
<kw name="Wait Until Element Is Visible" library="SeleniumLibrary">
<arg>${CAMPO}</arg>
<doc>Waits until the element ``locator`` is visible.</doc>
<status status="PASS" starttime="20220707 19:50:54.753" endtime="20220707 19:50:54.774"/>
</kw>
<kw name="Input Text" library="SeleniumLibrary">
<arg>${CAMPO}</arg>
<arg>${TEXTO}</arg>
<doc>Types the given ``text`` into the text field identified by ``locator``.</doc>
<msg timestamp="20220707 19:50:54.774" level="INFO">Typing text 'Delgado123' into text field 'xpath=//*[@id="__next"]/div/div[2]/div/div[2]/form/div[5]/div/input'.</msg>
<status status="PASS" starttime="20220707 19:50:54.774" endtime="20220707 19:50:54.880"/>
</kw>
<status status="PASS" starttime="20220707 19:50:54.753" endtime="20220707 19:50:54.880"/>
</kw>
<kw name="Wait and Click" library="mesa">
<arg>${BOTAO_CONTA_COM_SALDO}</arg>
<kw name="Wait Until Element Is Visible" library="SeleniumLibrary">
<arg>${ELEMENTO}</arg>
<doc>Waits until the element ``locator`` is visible.</doc>
<status status="PASS" starttime="20220707 19:50:54.881" endtime="20220707 19:50:54.900"/>
</kw>
<kw name="Click Element" library="SeleniumLibrary">
<arg>${ELEMENTO}</arg>
<doc>Click the element identified by ``locator``.</doc>
<msg timestamp="20220707 19:50:54.901" level="INFO">Clicking element 'xpath=//*[@id="__next"]/div/div[2]/div/div[2]/form/div[6]/label/span'.</msg>
<status status="PASS" starttime="20220707 19:50:54.901" endtime="20220707 19:50:54.941"/>
</kw>
<status status="PASS" starttime="20220707 19:50:54.881" endtime="20220707 19:50:54.941"/>
</kw>
<kw name="Wait and Click" library="mesa">
<arg>${BOTAO_CADASTRAR}</arg>
<kw name="Wait Until Element Is Visible" library="SeleniumLibrary">
<arg>${ELEMENTO}</arg>
<doc>Waits until the element ``locator`` is visible.</doc>
<status status="PASS" starttime="20220707 19:50:54.944" endtime="20220707 19:50:54.964"/>
</kw>
<kw name="Click Element" library="SeleniumLibrary">
<arg>${ELEMENTO}</arg>
<doc>Click the element identified by ``locator``.</doc>
<msg timestamp="20220707 19:50:54.965" level="INFO">Clicking element 'xpath=//*[@id="__next"]/div/div[2]/div/div[2]/form/button'.</msg>
<status status="PASS" starttime="20220707 19:50:54.965" endtime="20220707 19:50:55.008"/>
</kw>
<status status="PASS" starttime="20220707 19:50:54.942" endtime="20220707 19:50:55.008"/>
</kw>
<kw name="Wait and Click" library="mesa">
<arg>${BOTAO_FECHAR_CADASTRO}</arg>
<kw name="Wait Until Element Is Visible" library="SeleniumLibrary">
<arg>${ELEMENTO}</arg>
<doc>Waits until the element ``locator`` is visible.</doc>
<status status="PASS" starttime="20220707 19:50:55.008" endtime="20220707 19:50:55.248"/>
</kw>
<kw name="Click Element" library="SeleniumLibrary">
<arg>${ELEMENTO}</arg>
<doc>Click the element identified by ``locator``.</doc>
<msg timestamp="20220707 19:50:55.248" level="INFO">Clicking element 'xpath=//*[@id="btnCloseModal"]'.</msg>
<status status="PASS" starttime="20220707 19:50:55.248" endtime="20220707 19:50:55.290"/>
</kw>
<status status="PASS" starttime="20220707 19:50:55.008" endtime="20220707 19:50:55.290"/>
</kw>
<status status="PASS" starttime="20220707 19:50:54.237" endtime="20220707 19:50:55.290"/>
</kw>
<kw name="Fazer login" library="mesa">
<kw name="Wait and Input Text" library="mesa">
<arg>${CAMPO_EMAIL}</arg>
<arg>${EMAIL}</arg>
<kw name="Wait Until Element Is Visible" library="SeleniumLibrary">
<arg>${CAMPO}</arg>
<doc>Waits until the element ``locator`` is visible.</doc>
<status status="PASS" starttime="20220707 19:50:55.291" endtime="20220707 19:50:55.317"/>
</kw>
<kw name="Input Text" library="SeleniumLibrary">
<arg>${CAMPO}</arg>
<arg>${TEXTO}</arg>
<doc>Types the given ``text`` into the text field identified by ``locator``.</doc>
<msg timestamp="20220707 19:50:55.318" level="INFO">Typing text 'delgadoDh@bug.com' into text field 'xpath=//*[@id="__next"]/div/div[2]/div/div[1]/form/div[1]/input'.</msg>
<status status="PASS" starttime="20220707 19:50:55.318" endtime="20220707 19:50:55.437"/>
</kw>
<status status="PASS" starttime="20220707 19:50:55.291" endtime="20220707 19:50:55.437"/>
</kw>
<kw name="Wait and Input Text" library="mesa">
<arg>${CAMPO_SENHA}</arg>
<arg>${SENHA}</arg>
<kw name="Wait Until Element Is Visible" library="SeleniumLibrary">
<arg>${CAMPO}</arg>
<doc>Waits until the element ``locator`` is visible.</doc>
<status status="PASS" starttime="20220707 19:50:55.438" endtime="20220707 19:50:55.460"/>
</kw>
<kw name="Input Text" library="SeleniumLibrary">
<arg>${CAMPO}</arg>
<arg>${TEXTO}</arg>
<doc>Types the given ``text`` into the text field identified by ``locator``.</doc>
<msg timestamp="20220707 19:50:55.461" level="INFO">Typing text 'Delgado123' into text field 'xpath=//*[@id="__next"]/div/div[2]/div/div[1]/form/div[2]/div/input'.</msg>
<status status="PASS" starttime="20220707 19:50:55.460" endtime="20220707 19:50:55.557"/>
</kw>
<status status="PASS" starttime="20220707 19:50:55.437" endtime="20220707 19:50:55.558"/>
</kw>
<kw name="Wait and Click" library="mesa">
<arg>${BOTAO_ACESSAR}</arg>
<kw name="Wait Until Element Is Visible" library="SeleniumLibrary">
<arg>${ELEMENTO}</arg>
<doc>Waits until the element ``locator`` is visible.</doc>
<status status="PASS" starttime="20220707 19:50:55.558" endtime="20220707 19:50:55.581"/>
</kw>
<kw name="Click Element" library="SeleniumLibrary">
<arg>${ELEMENTO}</arg>
<doc>Click the element identified by ``locator``.</doc>
<msg timestamp="20220707 19:50:55.582" level="INFO">Clicking element 'xpath=//*[@id="__next"]/div/div[2]/div/div[1]/form/div[3]/button[1]'.</msg>
<status status="PASS" starttime="20220707 19:50:55.581" endtime="20220707 19:50:56.014"/>
</kw>
<status status="PASS" starttime="20220707 19:50:55.558" endtime="20220707 19:50:56.014"/>
</kw>
<status status="PASS" starttime="20220707 19:50:55.290" endtime="20220707 19:50:56.014"/>
</kw>
<kw name="Clicar em 'Extrato'" library="mesa">
<kw name="Wait and Click" library="mesa">
<arg>${BOTAO_EXTRATO}</arg>
<kw name="Wait Until Element Is Visible" library="SeleniumLibrary">
<arg>${ELEMENTO}</arg>
<doc>Waits until the element ``locator`` is visible.</doc>
<status status="PASS" starttime="20220707 19:50:56.016" endtime="20220707 19:50:56.247"/>
</kw>
<kw name="Click Element" library="SeleniumLibrary">
<arg>${ELEMENTO}</arg>
<doc>Click the element identified by ``locator``.</doc>
<msg timestamp="20220707 19:50:56.248" level="INFO">Clicking element 'xpath=//*[@id="btn-EXTRATO"]'.</msg>
<status status="PASS" starttime="20220707 19:50:56.247" endtime="20220707 19:50:56.284"/>
</kw>
<status status="PASS" starttime="20220707 19:50:56.015" endtime="20220707 19:50:56.285"/>
</kw>
<status status="PASS" starttime="20220707 19:50:56.015" endtime="20220707 19:50:56.285"/>
</kw>
<kw name="Clicar em 'Sair'" library="mesa">
<kw name="Wait and Click" library="mesa">
<arg>${BOTAO_SAIR}</arg>
<kw name="Wait Until Element Is Visible" library="SeleniumLibrary">
<arg>${ELEMENTO}</arg>
<doc>Waits until the element ``locator`` is visible.</doc>
<msg timestamp="20220707 19:50:56.324" level="INFO">Suppressing StaleElementReferenceException from Selenium.</msg>
<status status="PASS" starttime="20220707 19:50:56.286" endtime="20220707 19:50:56.544"/>
</kw>
<kw name="Click Element" library="SeleniumLibrary">
<arg>${ELEMENTO}</arg>
<doc>Click the element identified by ``locator``.</doc>
<msg timestamp="20220707 19:50:56.545" level="INFO">Clicking element 'xpath=//*[@id="btnExit"]'.</msg>
<status status="PASS" starttime="20220707 19:50:56.544" endtime="20220707 19:50:56.618"/>
</kw>
<status status="PASS" starttime="20220707 19:50:56.285" endtime="20220707 19:50:56.618"/>
</kw>
<status status="PASS" starttime="20220707 19:50:56.285" endtime="20220707 19:50:56.619"/>
</kw>
<status status="PASS" starttime="20220707 19:50:51.435" endtime="20220707 19:50:56.620"/>
</test>
<status status="PASS" starttime="20220707 19:50:51.123" endtime="20220707 19:50:56.621"/>
</suite>
<statistics>
<total>
<stat pass="1" fail="0" skip="0">All Tests</stat>
</total>
<tag>
</tag>
<suite>
<stat pass="1" fail="0" skip="0" id="s1" name="Mesa">Mesa</stat>
</suite>
</statistics>
<errors>
</errors>
</robot>
