<?xml version="1.0" encoding="UTF-8"?>
<robot generator="Robot 5.0.1 (Python 3.10.5 on win32)" generated="20220706 22:12:12.089" rpa="false" schemaversion="3">
<suite id="s1" name="Luiz" source="C:\Users\alone\Documents\DH\Testing\robot\luiz.robot">
<test id="s1-t1" name="Processo de compra na loja Sauce Demo com usuário incorreto" line="16">
<kw name="Acessar o site" library="luiz">
<kw name="Open Browser" library="SeleniumLibrary">
<arg>${SITE}</arg>
<arg>${NAVEGADOR}</arg>
<doc>Opens a new browser instance to the optional ``url``.</doc>
<msg timestamp="20220706 22:12:12.444" level="INFO">Opening browser 'Chrome' to base url 'https://www.saucedemo.com'.</msg>
<status status="PASS" starttime="20220706 22:12:12.440" endtime="20220706 22:12:14.284"/>
</kw>
<kw name="Maximize Browser Window" library="SeleniumLibrary">
<doc>Maximizes current browser window.</doc>
<status status="PASS" starttime="20220706 22:12:14.284" endtime="20220706 22:12:14.404"/>
</kw>
<status status="PASS" starttime="20220706 22:12:12.439" endtime="20220706 22:12:14.404"/>
</kw>
<kw name="Fazer login com usuário incorreto" library="luiz">
<kw name="Wait and Input Text" library="luiz">
<arg>${CAMPO_USUARIO}</arg>
<arg>${USUARIO_INCORRETO}</arg>
<kw name="Wait Until Element Is Visible" library="SeleniumLibrary">
<arg>${CAMPO}</arg>
<doc>Waits until the element ``locator`` is visible.</doc>
<status status="PASS" starttime="20220706 22:12:14.406" endtime="20220706 22:12:14.434"/>
</kw>
<kw name="Input Text" library="SeleniumLibrary">
<arg>${CAMPO}</arg>
<arg>${TEXTO}</arg>
<doc>Types the given ``text`` into the text field identified by ``locator``.</doc>
<msg timestamp="20220706 22:12:14.435" level="INFO">Typing text 'pudim' into text field 'css=#user-name'.</msg>
<status status="PASS" starttime="20220706 22:12:14.434" endtime="20220706 22:12:14.562"/>
</kw>
<status status="PASS" starttime="20220706 22:12:14.406" endtime="20220706 22:12:14.562"/>
</kw>
<kw name="Wait and Input Text" library="luiz">
<arg>${CAMPO_SENHA}</arg>
<arg>${SENHA_INCORRETA}</arg>
<kw name="Wait Until Element Is Visible" library="SeleniumLibrary">
<arg>${CAMPO}</arg>
<doc>Waits until the element ``locator`` is visible.</doc>
<status status="PASS" starttime="20220706 22:12:14.563" endtime="20220706 22:12:14.602"/>
</kw>
<kw name="Input Text" library="SeleniumLibrary">
<arg>${CAMPO}</arg>
<arg>${TEXTO}</arg>
<doc>Types the given ``text`` into the text field identified by ``locator``.</doc>
<msg timestamp="20220706 22:12:14.603" level="INFO">Typing text 'bolo' into text field 'css=#password'.</msg>
<status status="PASS" starttime="20220706 22:12:14.602" endtime="20220706 22:12:14.686"/>
</kw>
<status status="PASS" starttime="20220706 22:12:14.562" endtime="20220706 22:12:14.686"/>
</kw>
<kw name="Wait and Click" library="luiz">
<arg>${BOTAO_LOGIN}</arg>
<kw name="Wait Until Element Is Visible" library="SeleniumLibrary">
<arg>${ELEMENTO}</arg>
<doc>Waits until the element ``locator`` is visible.</doc>
<status status="PASS" starttime="20220706 22:12:14.687" endtime="20220706 22:12:14.706"/>
</kw>
<kw name="Click Element" library="SeleniumLibrary">
<arg>${ELEMENTO}</arg>
<doc>Click the element identified by ``locator``.</doc>
<msg timestamp="20220706 22:12:14.707" level="INFO">Clicking element 'css=#login-button'.</msg>
<status status="PASS" starttime="20220706 22:12:14.706" endtime="20220706 22:12:14.764"/>
</kw>
<status status="PASS" starttime="20220706 22:12:14.686" endtime="20220706 22:12:14.765"/>
</kw>
<kw name="Page Should Contain" library="SeleniumLibrary">
<arg>${MENSAGEM_ERRO_LOGIN}</arg>
<doc>Verifies that current page contains ``text``.</doc>
<msg timestamp="20220706 22:12:14.785" level="INFO">Current page contains text 'Username and password do not match'.</msg>
<status status="PASS" starttime="20220706 22:12:14.765" endtime="20220706 22:12:14.785"/>
</kw>
<status status="PASS" starttime="20220706 22:12:14.405" endtime="20220706 22:12:14.785"/>
</kw>
<status status="PASS" starttime="20220706 22:12:12.438" endtime="20220706 22:12:14.786"/>
</test>
<status status="PASS" starttime="20220706 22:12:12.094" endtime="20220706 22:12:14.787"/>
</suite>
<statistics>
<total>
<stat pass="1" fail="0" skip="0">All Tests</stat>
</total>
<tag>
</tag>
<suite>
<stat pass="1" fail="0" skip="0" id="s1" name="Luiz">Luiz</stat>
</suite>
</statistics>
<errors>
</errors>
</robot>
