<?xml version="1.0" encoding="UTF-8"?>
<robot generator="Robot 5.0.1 (Python 3.10.5 on win32)" generated="20220711 22:26:28.097" rpa="false" schemaversion="3">
<suite id="s1" name="Dh" source="C:\Users\alone\Documents\DH\Testing\Pre_Prova\dh.robot">
<test id="s1-t1" name="Validação das informações do curso de Data Analytics" line="8">
<kw name="Abrir o novo site da Digital House Brasil" library="dh" type="SETUP">
<kw name="Open Browser" library="SeleniumLibrary">
<arg>${SITE}</arg>
<arg>${NAVEGADOR}</arg>
<doc>Opens a new browser instance to the optional ``url``.</doc>
<msg timestamp="20220711 22:26:28.401" level="INFO">Opening browser 'Chrome' to base url 'https://www.digitalhouse.com/br'.</msg>
<status status="PASS" starttime="20220711 22:26:28.400" endtime="20220711 22:26:32.163"/>
</kw>
<kw name="Maximize Browser Window" library="SeleniumLibrary">
<doc>Maximizes current browser window.</doc>
<status status="PASS" starttime="20220711 22:26:32.163" endtime="20220711 22:26:32.281"/>
</kw>
<status status="PASS" starttime="20220711 22:26:28.400" endtime="20220711 22:26:32.281"/>
</kw>
<kw name="Clicar em “Aceitar Cookies”" library="dh">
<kw name="Sleep" library="BuiltIn">
<arg>5</arg>
<doc>Pauses the test executed for the given time.</doc>
<msg timestamp="20220711 22:26:37.284" level="INFO">Slept 5 seconds</msg>
<status status="PASS" starttime="20220711 22:26:32.283" endtime="20220711 22:26:37.284"/>
</kw>
<kw name="Select Frame" library="SeleniumLibrary">
<arg>${IFRAME_COOKIES}</arg>
<doc>Sets frame identified by ``locator`` as the current frame.</doc>
<msg timestamp="20220711 22:26:37.285" level="INFO">Selecting frame 'xpath=/html/body/iframe[2]'.</msg>
<status status="PASS" starttime="20220711 22:26:37.284" endtime="20220711 22:26:37.311"/>
</kw>
<kw name="Wait and Click" library="dh">
<arg>${BOTAO_COOKIES}</arg>
<kw name="Wait Until Element Is Visible" library="SeleniumLibrary">
<arg>${ELEMENTO}</arg>
<doc>Waits until the element ``locator`` is visible.</doc>
<status status="PASS" starttime="20220711 22:26:37.311" endtime="20220711 22:26:37.334"/>
</kw>
<kw name="Click Element" library="SeleniumLibrary">
<arg>${ELEMENTO}</arg>
<doc>Click the element identified by ``locator``.</doc>
<msg timestamp="20220711 22:26:37.335" level="INFO">Clicking element 'xpath=/html/body/div/div/div[1]/div[1]/div[2]/div[1]/div[2]'.</msg>
<status status="PASS" starttime="20220711 22:26:37.335" endtime="20220711 22:26:37.394"/>
</kw>
<status status="PASS" starttime="20220711 22:26:37.311" endtime="20220711 22:26:37.394"/>
</kw>
<kw name="Unselect Frame" library="SeleniumLibrary">
<doc>Sets the main frame as the current frame.</doc>
<status status="PASS" starttime="20220711 22:26:37.394" endtime="20220711 22:26:37.396"/>
</kw>
<status status="PASS" starttime="20220711 22:26:32.282" endtime="20220711 22:26:37.396"/>
</kw>
<kw name="Clicar em “Ver outros cursos”" library="dh">
<kw name="Wait and Click" library="dh">
<arg>${OUTROS_CURSOS}</arg>
<kw name="Wait Until Element Is Visible" library="SeleniumLibrary">
<arg>${ELEMENTO}</arg>
<doc>Waits until the element ``locator`` is visible.</doc>
<status status="PASS" starttime="20220711 22:26:37.398" endtime="20220711 22:26:37.420"/>
</kw>
<kw name="Click Element" library="SeleniumLibrary">
<arg>${ELEMENTO}</arg>
<doc>Click the element identified by ``locator``.</doc>
<msg timestamp="20220711 22:26:37.421" level="INFO">Clicking element 'xpath=//*[@id="__next"]/div/main/section/div/div[3]/div/a'.</msg>
<status status="PASS" starttime="20220711 22:26:37.420" endtime="20220711 22:26:38.404"/>
</kw>
<status status="PASS" starttime="20220711 22:26:37.397" endtime="20220711 22:26:38.404"/>
</kw>
<status status="PASS" starttime="20220711 22:26:37.397" endtime="20220711 22:26:38.404"/>
</kw>
<kw name="Selecionar o curso “Data Analytics”" library="dh">
<kw name="Wait and Click" library="dh">
<arg>${DATA_ANALYTICS}</arg>
<kw name="Wait Until Element Is Visible" library="SeleniumLibrary">
<arg>${ELEMENTO}</arg>
<doc>Waits until the element ``locator`` is visible.</doc>
<status status="PASS" starttime="20220711 22:26:38.405" endtime="20220711 22:26:38.422"/>
</kw>
<kw name="Click Element" library="SeleniumLibrary">
<arg>${ELEMENTO}</arg>
<doc>Click the element identified by ``locator``.</doc>
<msg timestamp="20220711 22:26:38.423" level="INFO">Clicking element 'xpath=//*[@id="__next"]/div/main/section[2]/div/div/div[3]/a/span/p[1]'.</msg>
<status status="PASS" starttime="20220711 22:26:38.423" endtime="20220711 22:26:39.275"/>
</kw>
<status status="PASS" starttime="20220711 22:26:38.405" endtime="20220711 22:26:39.275"/>
</kw>
<status status="PASS" starttime="20220711 22:26:38.405" endtime="20220711 22:26:39.275"/>
</kw>
<kw name="Verificar se o texto de chamada do curso está correto" library="dh">
<kw name="Page Should Contain" library="SeleniumLibrary">
<arg>${CHAMADA_DATA_ANALYTICS}</arg>
<doc>Verifies that current page contains ``text``.</doc>
<msg timestamp="20220711 22:26:39.298" level="INFO">Current page contains text 'voltado para qualquer pessoa que deseja ampliar suas capacidades analíticas'.</msg>
<status status="PASS" starttime="20220711 22:26:39.277" endtime="20220711 22:26:39.298"/>
</kw>
<status status="PASS" starttime="20220711 22:26:39.277" endtime="20220711 22:26:39.298"/>
</kw>
<kw name="Verificar se a descrição do curso está correta" library="dh">
<kw name="Page Should Contain" library="SeleniumLibrary">
<arg>${DESCRICAO_DATA_ANALYTICS}</arg>
<doc>Verifies that current page contains ``text``.</doc>
<msg timestamp="20220711 22:26:39.317" level="INFO">Current page contains text 'pessoas interessadas'.</msg>
<status status="PASS" starttime="20220711 22:26:39.299" endtime="20220711 22:26:39.317"/>
</kw>
<status status="PASS" starttime="20220711 22:26:39.299" endtime="20220711 22:26:39.317"/>
</kw>
<kw name="Clicar em “Inscreva-se agora" library="dh">
<kw name="Wait and Click" library="dh">
<arg>${INSCREVER_AGORA}</arg>
<kw name="Wait Until Element Is Visible" library="SeleniumLibrary">
<arg>${ELEMENTO}</arg>
<doc>Waits until the element ``locator`` is visible.</doc>
<status status="PASS" starttime="20220711 22:26:39.319" endtime="20220711 22:26:39.337"/>
</kw>
<kw name="Click Element" library="SeleniumLibrary">
<arg>${ELEMENTO}</arg>
<doc>Click the element identified by ``locator``.</doc>
<msg timestamp="20220711 22:26:39.338" level="INFO">Clicking element 'xpath=//*[@id="__next"]/div/main/section/div/div/div[1]/div/div[2]/div[1]/a'.</msg>
<status status="PASS" starttime="20220711 22:26:39.338" endtime="20220711 22:26:39.411"/>
</kw>
<status status="PASS" starttime="20220711 22:26:39.319" endtime="20220711 22:26:39.411"/>
</kw>
<status status="PASS" starttime="20220711 22:26:39.318" endtime="20220711 22:26:39.412"/>
</kw>
<kw name="Clicar em “Inscreva-se”" library="dh">
<kw name="Sleep" library="BuiltIn">
<arg>5</arg>
<doc>Pauses the test executed for the given time.</doc>
<msg timestamp="20220711 22:26:44.414" level="INFO">Slept 5 seconds</msg>
<status status="PASS" starttime="20220711 22:26:39.413" endtime="20220711 22:26:44.414"/>
</kw>
<kw name="Wait and Click" library="dh">
<arg>${INSCREVER}</arg>
<kw name="Wait Until Element Is Visible" library="SeleniumLibrary">
<arg>${ELEMENTO}</arg>
<doc>Waits until the element ``locator`` is visible.</doc>
<msg timestamp="20220711 22:26:49.684" level="INFO" html="true">&lt;/td&gt;&lt;/tr&gt;&lt;tr&gt;&lt;td colspan="3"&gt;&lt;a href="selenium-screenshot-24.png"&gt;&lt;img src="selenium-screenshot-24.png" width="800px"&gt;&lt;/a&gt;</msg>
<msg timestamp="20220711 22:26:49.685" level="FAIL">Element 'xpath=//*[@id="proximas-turmas"]/div/div[2]/div[2]/div/a' not visible after 5 seconds.</msg>
<status status="FAIL" starttime="20220711 22:26:44.414" endtime="20220711 22:26:49.686"/>
</kw>
<kw name="Click Element" library="SeleniumLibrary">
<arg>${ELEMENTO}</arg>
<doc>Click the element identified by ``locator``.</doc>
<status status="NOT RUN" starttime="20220711 22:26:49.686" endtime="20220711 22:26:49.686"/>
</kw>
<status status="FAIL" starttime="20220711 22:26:44.414" endtime="20220711 22:26:49.687"/>
</kw>
<status status="FAIL" starttime="20220711 22:26:39.412" endtime="20220711 22:26:49.687"/>
</kw>
<kw name="Validar que o valor do curso é “R$10.315”" library="dh">
<status status="NOT RUN" starttime="20220711 22:26:49.688" endtime="20220711 22:26:49.688"/>
</kw>
<status status="FAIL" starttime="20220711 22:26:28.398" endtime="20220711 22:26:49.689">Element 'xpath=//*[@id="proximas-turmas"]/div/div[2]/div[2]/div/a' not visible after 5 seconds.</status>
</test>
<status status="FAIL" starttime="20220711 22:26:28.099" endtime="20220711 22:26:49.691"/>
</suite>
<statistics>
<total>
<stat pass="0" fail="1" skip="0">All Tests</stat>
</total>
<tag>
</tag>
<suite>
<stat pass="0" fail="1" skip="0" id="s1" name="Dh">Dh</stat>
</suite>
</statistics>
<errors>
</errors>
</robot>
